<?xml version="1.0" encoding="UTF-8"?>
<!-- Generated by org.testng.reporters.JUnitReportReporter -->
<testsuite skipped="0" hostname="DESKTOP-875JSIA" name="testcases.BankManagerLoginTest" tests="1" failures="0" timestamp="25 Jul 2019 04:00:10 GMT" time="4.668" errors="0">
  <testcase name="bankManagerLoginTest" time="4.668" classname="testcases.BankManagerLoginTest"/>
</testsuite> <!-- testcases.BankManagerLoginTest -->
